This is pdfTeX, Version 3.1415926-1.40.10 (TeX Live 2009/Debian) (format=latex 2013.11.4)  21 SEP 2014 23:49
entering extended mode
 %&-line parsing enabled.
**resume_Ind_nwd.tex
(./resume_Ind_nwd.tex
LaTeX2e <2009/09/24>
Babel <v3.8l> and hyphenation patterns for english, usenglishmax, dumylang, noh
yphenation, farsi, arabic, croatian, bulgarian, ukrainian, russian, czech, slov
ak, danish, dutch, finnish, french, basque, ngerman, german, german-x-2009-06-1
9, ngerman-x-2009-06-19, ibycus, monogreek, greek, ancientgreek, hungarian, san
skrit, italian, latin, latvian, lithuanian, mongolian2a, mongolian, bokmal, nyn
orsk, romanian, irish, coptic, serbian, turkish, welsh, esperanto, uppersorbian
, estonian, indonesian, interlingua, icelandic, kurmanji, slovenian, polish, po
rtuguese, spanish, galician, catalan, swedish, ukenglish, pinyin, loaded.
(/usr/share/texmf-texlive/tex/latex/base/article.cls
Document Class: article 2007/10/19 v1.4h Standard LaTeX document class
(/usr/share/texmf-texlive/tex/latex/base/size11.clo
File: size11.clo 2007/10/19 v1.4h Standard LaTeX file (size option)
)
\c@part=\count79
\c@section=\count80
\c@subsection=\count81
\c@subsubsection=\count82
\c@paragraph=\count83
\c@subparagraph=\count84
\c@figure=\count85
\c@table=\count86
\abovecaptionskip=\skip41
\belowcaptionskip=\skip42
\bibindent=\dimen102
)
(/usr/share/texmf-texlive/tex/latex/preprint/fullpage.sty
Package: fullpage 1999/02/23 1.1 (PWD)
\FP@margin=\skip43
)
(/usr/share/texmf-texlive/tex/latex/graphics/color.sty
Package: color 2005/11/14 v1.0j Standard LaTeX Color (DPC)

(/etc/texmf/tex/latex/config/color.cfg
File: color.cfg 2007/01/18 v1.5 color configuration of teTeX/TeXLive
)
Package color Info: Driver file: dvips.def on input line 130.

(/usr/share/texmf-texlive/tex/latex/graphics/dvips.def
File: dvips.def 1999/02/16 v3.0i Driver-dependant file (DPC,SPQR)
)
(/usr/share/texmf-texlive/tex/latex/graphics/dvipsnam.def
File: dvipsnam.def 1999/02/16 v3.0i Driver-dependant file (DPC,SPQR)
))
(/usr/share/texmf-texlive/tex/latex/marvosym/marvosym.sty
Package: marvosym 2006/05/11 v2.1 Martin Vogel's Symbols font definitions
)
(/usr/share/texmf-texlive/tex/latex/enumitem/enumitem.sty
Package: enumitem 2009/05/18 v2.2 Customized lists
\enit@toks=\toks14

(/usr/share/texmf-texlive/tex/latex/graphics/keyval.sty
Package: keyval 1999/03/16 v1.13 key=value parser (DPC)
\KV@toks@=\toks15
)
\labelindent=\skip44
\enit@outerparindent=\dimen103
\enitdp@desc=\count87
)
(/usr/share/texmf-texlive/tex/latex/multirow/multirow.sty
\bigstrutjot=\dimen104
)
(/usr/share/texmf-texlive/tex/latex/ltxmisc/url.sty
\Urlmuskip=\muskip10
Package: url 2006/04/12  ver 3.3  Verb mode for urls, etc.
)
No file resume_Ind_nwd.aux.
\openout1 = `resume_Ind_nwd.aux'.

LaTeX Font Info:    Checking defaults for OML/cmm/m/it on input line 56.
LaTeX Font Info:    ... okay on input line 56.
LaTeX Font Info:    Checking defaults for T1/cmr/m/n on input line 56.
LaTeX Font Info:    ... okay on input line 56.
LaTeX Font Info:    Checking defaults for OT1/cmr/m/n on input line 56.
LaTeX Font Info:    ... okay on input line 56.
LaTeX Font Info:    Checking defaults for OMS/cmsy/m/n on input line 56.
LaTeX Font Info:    ... okay on input line 56.
LaTeX Font Info:    Checking defaults for OMX/cmex/m/n on input line 56.
LaTeX Font Info:    ... okay on input line 56.
LaTeX Font Info:    Checking defaults for U/cmr/m/n on input line 56.
LaTeX Font Info:    ... okay on input line 56.
LaTeX Font Info:    External font `cmex10' loaded for size
(Font)              <10.95> on input line 69.
LaTeX Font Info:    External font `cmex10' loaded for size
(Font)              <8> on input line 69.
LaTeX Font Info:    External font `cmex10' loaded for size
(Font)              <6> on input line 69.
LaTeX Font Info:    External font `cmex10' loaded for size
(Font)              <12> on input line 87.

Overfull \hbox (9.91663pt too wide) in paragraph at lines 87--89
[][][][][][] 
 []


Overfull \hbox (9.91663pt too wide) in paragraph at lines 98--99
[][][][][][] 
 []

LaTeX Font Info:    Try loading font information for OMS+cmr on input line 104.

(/usr/share/texmf-texlive/tex/latex/base/omscmr.fd
File: omscmr.fd 1999/05/25 v2.5h Standard LaTeX font definitions
)
LaTeX Font Info:    Font shape `OMS/cmr/m/n' in size <10.95> not available
(Font)              Font shape `OMS/cmsy/m/n' tried instead on input line 104.

Overfull \hbox (9.91663pt too wide) in paragraph at lines 124--125
[][][][][][] 
 []

LaTeX Font Info:    Try loading font information for U+mvs on input line 137.
(/usr/share/texmf-texlive/tex/latex/marvosym/umvs.fd)
Overfull \hbox (8.67201pt too wide) in paragraph at lines 128--147
 [][] 
 []


Overfull \hbox (9.91663pt too wide) in paragraph at lines 151--152
[][][][][][] 
 []

[1

]
Overfull \hbox (21.69273pt too wide) in paragraph at lines 163--164
\OT1/cmr/m/n/10.95 cial an-nounce-ment: $\OT1/cmtt/m/n/10.95 http : / / www . j
ournals . elsevier . com / optical-[]switching-[]and-[]networking /
 []

[2]
Overfull \hbox (9.91663pt too wide) in paragraph at lines 210--212
[][][][][][] 
 []


Overfull \hbox (9.91663pt too wide) in paragraph at lines 255--256
[][][][][][] 
 []

[3]
Overfull \hbox (9.91663pt too wide) in paragraph at lines 306--308
[][][][][][] 
 []


Overfull \hbox (9.91663pt too wide) in paragraph at lines 351--354
[][][][][][] 
 []

[4]
Overfull \hbox (9.91663pt too wide) in paragraph at lines 401--402
[][][][][][] 
 []


Overfull \hbox (21.80551pt too wide) in paragraph at lines 422--423
\OT1/cmr/m/n/10.95 path-protected WDM net-works non-revertively by us-ing backu
p path re-pro-vi-sion-ing,'' in \OT1/cmr/m/it/10.95 Proc. IEEE/OSA
 []

[5]
Overfull \hbox (9.91663pt too wide) in paragraph at lines 527--528
[][][][][][] 
 []


Underfull \hbox (badness 10000) in paragraph at lines 575--586
 
 []


Underfull \hbox (badness 10000) in paragraph at lines 591--599
 
 []

[6]
Underfull \hbox (badness 10000) in paragraph at lines 604--610
 
 []


Underfull \hbox (badness 10000) in paragraph at lines 615--621
 
 []

[7] (./resume_Ind_nwd.aux) ) 
Here is how much of TeX's memory you used:
 1091 strings out of 493849
 14287 string characters out of 1152846
 66065 words of memory out of 3000000
 4400 multiletter control sequences out of 15000+50000
 9139 words of font info for 32 fonts, out of 3000000 for 9000
 714 hyphenation exceptions out of 8191
 23i,8n,21p,985b,334s stack positions out of 5000i,500n,10000p,200000b,50000s

Output written on resume_Ind_nwd.dvi (7 pages, 34860 bytes).
